Compiling the C compiler identification source file "CMakeCCompilerId.c" failed.
Compiler: /usr/bin/cc 
Build flags: 
Id flags:  

The output was:
1
/usr/bin/ld: 最后的链结失败: 不支持的操作
collect2: error: ld returned 1 exit status


Compiling the C compiler identification source file "CMakeCCompilerId.c" failed.
Compiler: /usr/bin/cc 
Build flags: 
Id flags: -c 

The output was:
1
/tmp/cc5weFgQ.s: Assembler messages:
/tmp/cc5weFgQ.s: 致命错误： can't write 137 bytes to section .text of CMakeCCompilerId.o because: '不支持的操作'
/tmp/cc5weFgQ.s: 致命错误： can't close CMakeCCompilerId.o: 不支持的操作


Compiling the C compiler identification source file "CMakeCCompilerId.c" failed.
Compiler: /usr/bin/cc 
Build flags: 
Id flags: -Aa 

The output was:
1
<command-line>:0:1: error: missing '(' after predicate


Compiling the C compiler identification source file "CMakeCCompilerId.c" failed.
Compiler: /usr/bin/cc 
Build flags: 
Id flags: -D__CLASSIC_C__ 

The output was:
1
/usr/bin/ld: 最后的链结失败: 不支持的操作
collect2: error: ld returned 1 exit status


Compiling the C compiler identification source file "CMakeCCompilerId.c" failed.
Compiler: /usr/bin/cc 
Build flags: 
Id flags:  

The output was:
1
/usr/bin/ld: 最后的链结失败: 不支持的操作
collect2: error: ld returned 1 exit status


Compiling the C compiler identification source file "CMakeCCompilerId.c" failed.
Compiler: /usr/bin/cc 
Build flags: 
Id flags: -c 

The output was:
1
/tmp/ccFhfRMd.s: Assembler messages:
/tmp/ccFhfRMd.s: 致命错误： can't write 137 bytes to section .text of CMakeCCompilerId.o because: '不支持的操作'
/tmp/ccFhfRMd.s: 致命错误： can't close CMakeCCompilerId.o: 不支持的操作


Compiling the C compiler identification source file "CMakeCCompilerId.c" failed.
Compiler: /usr/bin/cc 
Build flags: 
Id flags: -Aa 

The output was:
1
<command-line>:0:1: error: missing '(' after predicate


Compiling the C compiler identification source file "CMakeCCompilerId.c" failed.
Compiler: /usr/bin/cc 
Build flags: 
Id flags: -D__CLASSIC_C__ 

The output was:
1
/usr/bin/ld: 最后的链结失败: 不支持的操作
collect2: error: ld returned 1 exit status


Checking whether the C compiler is IAR using "" did not match "IAR .+ Compiler":
cc: fatal error: no input files
compilation terminated.
Checking whether the C compiler is IAR using "" did not match "IAR .+ Compiler":
cc: fatal error: no input files
compilation terminated.
Compiling the CXX compiler identification source file "CMakeCXXCompilerId.cpp" failed.
Compiler: /usr/bin/c++ 
Build flags: 
Id flags:  

The output was:
1
/usr/bin/ld: 最后的链结失败: 不支持的操作
collect2: error: ld returned 1 exit status


Compiling the CXX compiler identification source file "CMakeCXXCompilerId.cpp" failed.
Compiler: /usr/bin/c++ 
Build flags: 
Id flags: -c 

The output was:
1
/tmp/ccUztXFP.s: Assembler messages:
/tmp/ccUztXFP.s: 致命错误： can't write 113 bytes to section .text of CMakeCXXCompilerId.o because: '不支持的操作'
/tmp/ccUztXFP.s: 致命错误： can't close CMakeCXXCompilerId.o: 不支持的操作


Compiling the CXX compiler identification source file "CMakeCXXCompilerId.cpp" failed.
Compiler: /usr/bin/c++ 
Build flags: 
Id flags: --c++ 

The output was:
1
c++: error: unrecognized command line option ‘--c++’


Compiling the CXX compiler identification source file "CMakeCXXCompilerId.cpp" failed.
Compiler: /usr/bin/c++ 
Build flags: 
Id flags: --ec++ 

The output was:
1
c++: error: unrecognized command line option ‘--ec++’


Compiling the CXX compiler identification source file "CMakeCXXCompilerId.cpp" failed.
Compiler: /usr/bin/c++ 
Build flags: 
Id flags:  

The output was:
1
/usr/bin/ld: 最后的链结失败: 不支持的操作
collect2: error: ld returned 1 exit status


Compiling the CXX compiler identification source file "CMakeCXXCompilerId.cpp" failed.
Compiler: /usr/bin/c++ 
Build flags: 
Id flags: -c 

The output was:
1
/tmp/cckqcGL7.s: Assembler messages:
/tmp/cckqcGL7.s: 致命错误： can't write 113 bytes to section .text of CMakeCXXCompilerId.o because: '不支持的操作'
/tmp/cckqcGL7.s: 致命错误： can't close CMakeCXXCompilerId.o: 不支持的操作


Compiling the CXX compiler identification source file "CMakeCXXCompilerId.cpp" failed.
Compiler: /usr/bin/c++ 
Build flags: 
Id flags: --c++ 

The output was:
1
c++: error: unrecognized command line option ‘--c++’


Compiling the CXX compiler identification source file "CMakeCXXCompilerId.cpp" failed.
Compiler: /usr/bin/c++ 
Build flags: 
Id flags: --ec++ 

The output was:
1
c++: error: unrecognized command line option ‘--ec++’


Checking whether the CXX compiler is IAR using "" did not match "IAR .+ Compiler":
c++: fatal error: no input files
compilation terminated.
Checking whether the CXX compiler is IAR using "" did not match "IAR .+ Compiler":
c++: fatal error: no input files
compilation terminated.
Determining if the C compiler works failed with the following output:
Change Dir: /run/user/1000/gvfs/smb-share:server=192.168.1.149,share=a409/users/zhangmi/untitled/cmake-build-debug/CMakeFiles/CMakeTmp

Run Build Command:"/usr/bin/make" "cmTC_066d3/fast"
/usr/bin/make -f CMakeFiles/cmTC_066d3.dir/build.make CMakeFiles/cmTC_066d3.dir/build
make[1]: Entering directory '/run/user/1000/gvfs/smb-share:server=192.168.1.149,share=a409/users/zhangmi/untitled/cmake-build-debug/CMakeFiles/CMakeTmp'
Building C object CMakeFiles/cmTC_066d3.dir/testCCompiler.c.o
/usr/bin/cc    -o CMakeFiles/cmTC_066d3.dir/testCCompiler.c.o   -c /run/user/1000/gvfs/smb-share:server=192.168.1.149,share=a409/users/zhangmi/untitled/cmake-build-debug/CMakeFiles/CMakeTmp/testCCompiler.c
/tmp/ccOn1IBC.s: Assembler messages:
/tmp/ccOn1IBC.s: 致命错误： can't write 19 bytes to section .text of CMakeFiles/cmTC_066d3.dir/testCCompiler.c.o because: '不支持的操作'
/tmp/ccOn1IBC.s: 致命错误： can't close CMakeFiles/cmTC_066d3.dir/testCCompiler.c.o: 不支持的操作
CMakeFiles/cmTC_066d3.dir/build.make:65: recipe for target 'CMakeFiles/cmTC_066d3.dir/testCCompiler.c.o' failed
make[1]: *** [CMakeFiles/cmTC_066d3.dir/testCCompiler.c.o] Error 1
make[1]: Leaving directory '/run/user/1000/gvfs/smb-share:server=192.168.1.149,share=a409/users/zhangmi/untitled/cmake-build-debug/CMakeFiles/CMakeTmp'
Makefile:121: recipe for target 'cmTC_066d3/fast' failed
make: *** [cmTC_066d3/fast] Error 2


